<?xml version="1.0" encoding="UTF-8"?>
<testsuite xmlns:xsi="http://www.w3.org/2001/XMLSchema-instance" xsi:noNamespaceSchemaLocation="https://maven.apache.org/surefire/maven-surefire-plugin/xsd/surefire-test-report-3.0.xsd" version="3.0" name="TestSuite" time="2.669" tests="12" errors="0" skipped="0" failures="0">
  <properties>
    <property name="sun.desktop" value="windows"/>
    <property name="awt.toolkit" value="sun.awt.windows.WToolkit"/>
    <property name="file.encoding.pkg" value="sun.io"/>
    <property name="java.specification.version" value="1.8"/>
    <property name="sun.cpu.isalist" value="amd64"/>
    <property name="sun.jnu.encoding" value="GBK"/>
    <property name="java.class.path" value="D:\Workspaces\httptestclient_workspaces\Httptest_Client\target\test-classes;D:\Workspaces\httptestclient_workspaces\Httptest_Client\target\classes;D:\maven_repository\org\testng\testng\7.4.0\testng-7.4.0.jar;D:\maven_repository\com\beust\jcommander\1.78\jcommander-1.78.jar;D:\maven_repository\org\webjars\jquery\3.5.1\jquery-3.5.1.jar;D:\maven_repository\org\apache\httpcomponents\httpclient\4.5.13\httpclient-4.5.13.jar;D:\maven_repository\org\apache\httpcomponents\httpcore\4.4.13\httpcore-4.4.13.jar;D:\maven_repository\commons-logging\commons-logging\1.2\commons-logging-1.2.jar;D:\maven_repository\commons-codec\commons-codec\1.11\commons-codec-1.11.jar;D:\maven_repository\org\apache\poi\poi-ooxml\4.1.2\poi-ooxml-4.1.2.jar;D:\maven_repository\org\apache\poi\poi\4.1.2\poi-4.1.2.jar;D:\maven_repository\org\apache\commons\commons-collections4\4.4\commons-collections4-4.4.jar;D:\maven_repository\org\apache\commons\commons-math3\3.6.1\commons-math3-3.6.1.jar;D:\maven_repository\com\zaxxer\SparseBitSet\1.2\SparseBitSet-1.2.jar;D:\maven_repository\org\apache\commons\commons-compress\1.19\commons-compress-1.19.jar;D:\maven_repository\com\github\virtuald\curvesapi\1.06\curvesapi-1.06.jar;D:\maven_repository\org\apache\poi\poi-ooxml-schemas\4.1.2\poi-ooxml-schemas-4.1.2.jar;D:\maven_repository\org\apache\xmlbeans\xmlbeans\3.1.0\xmlbeans-3.1.0.jar;D:\maven_repository\com\alibaba\fastjson\1.2.75\fastjson-1.2.75.jar;D:\maven_repository\org\mybatis\mybatis\3.5.6\mybatis-3.5.6.jar;D:\maven_repository\mysql\mysql-connector-java\8.0.21\mysql-connector-java-8.0.21.jar;D:\maven_repository\com\google\protobuf\protobuf-java\3.11.4\protobuf-java-3.11.4.jar;D:\maven_repository\com\zaxxer\HikariCP\3.4.5\HikariCP-3.4.5.jar;D:\maven_repository\org\slf4j\slf4j-api\1.7.25\slf4j-api-1.7.25.jar;D:\maven_repository\log4j\log4j\1.2.17\log4j-1.2.17.jar;"/>
    <property name="java.vm.vendor" value="Oracle Corporation"/>
    <property name="sun.arch.data.model" value="64"/>
    <property name="user.variant" value=""/>
    <property name="java.vendor.url" value="http://java.oracle.com/"/>
    <property name="user.timezone" value="Asia/Shanghai"/>
    <property name="java.vm.specification.version" value="1.8"/>
    <property name="os.name" value="Windows 10"/>
    <property name="user.country" value="CN"/>
    <property name="sun.java.launcher" value="SUN_STANDARD"/>
    <property name="sun.boot.library.path" value="C:\Program Files\Java\jdk1.8.0_181\jre\bin"/>
    <property name="sun.java.command" value="C:\Users\jin\AppData\Local\Temp\surefire6292845767021711873\surefirebooter247287940063057617.jar C:\Users\jin\AppData\Local\Temp\surefire6292845767021711873 2021-07-05T17-42-12_583-jvmRun1 surefire5378325579542894964tmp surefire_02144155980521190152tmp"/>
    <property name="surefire.test.class.path" value="D:\Workspaces\httptestclient_workspaces\Httptest_Client\target\test-classes;D:\Workspaces\httptestclient_workspaces\Httptest_Client\target\classes;D:\maven_repository\org\testng\testng\7.4.0\testng-7.4.0.jar;D:\maven_repository\com\beust\jcommander\1.78\jcommander-1.78.jar;D:\maven_repository\org\webjars\jquery\3.5.1\jquery-3.5.1.jar;D:\maven_repository\org\apache\httpcomponents\httpclient\4.5.13\httpclient-4.5.13.jar;D:\maven_repository\org\apache\httpcomponents\httpcore\4.4.13\httpcore-4.4.13.jar;D:\maven_repository\commons-logging\commons-logging\1.2\commons-logging-1.2.jar;D:\maven_repository\commons-codec\commons-codec\1.11\commons-codec-1.11.jar;D:\maven_repository\org\apache\poi\poi-ooxml\4.1.2\poi-ooxml-4.1.2.jar;D:\maven_repository\org\apache\poi\poi\4.1.2\poi-4.1.2.jar;D:\maven_repository\org\apache\commons\commons-collections4\4.4\commons-collections4-4.4.jar;D:\maven_repository\org\apache\commons\commons-math3\3.6.1\commons-math3-3.6.1.jar;D:\maven_repository\com\zaxxer\SparseBitSet\1.2\SparseBitSet-1.2.jar;D:\maven_repository\org\apache\commons\commons-compress\1.19\commons-compress-1.19.jar;D:\maven_repository\com\github\virtuald\curvesapi\1.06\curvesapi-1.06.jar;D:\maven_repository\org\apache\poi\poi-ooxml-schemas\4.1.2\poi-ooxml-schemas-4.1.2.jar;D:\maven_repository\org\apache\xmlbeans\xmlbeans\3.1.0\xmlbeans-3.1.0.jar;D:\maven_repository\com\alibaba\fastjson\1.2.75\fastjson-1.2.75.jar;D:\maven_repository\org\mybatis\mybatis\3.5.6\mybatis-3.5.6.jar;D:\maven_repository\mysql\mysql-connector-java\8.0.21\mysql-connector-java-8.0.21.jar;D:\maven_repository\com\google\protobuf\protobuf-java\3.11.4\protobuf-java-3.11.4.jar;D:\maven_repository\com\zaxxer\HikariCP\3.4.5\HikariCP-3.4.5.jar;D:\maven_repository\org\slf4j\slf4j-api\1.7.25\slf4j-api-1.7.25.jar;D:\maven_repository\log4j\log4j\1.2.17\log4j-1.2.17.jar;"/>
    <property name="sun.cpu.endian" value="little"/>
    <property name="user.home" value="C:\Users\jin"/>
    <property name="user.language" value="zh"/>
    <property name="java.specification.vendor" value="Oracle Corporation"/>
    <property name="java.home" value="C:\Program Files\Java\jdk1.8.0_181\jre"/>
    <property name="basedir" value="D:\Workspaces\httptestclient_workspaces\Httptest_Client"/>
    <property name="file.separator" value="\"/>
    <property name="line.separator" value="&#10;"/>
    <property name="java.vm.specification.vendor" value="Oracle Corporation"/>
    <property name="java.specification.name" value="Java Platform API Specification"/>
    <property name="java.awt.graphicsenv" value="sun.awt.Win32GraphicsEnvironment"/>
    <property name="surefire.real.class.path" value="C:\Users\jin\AppData\Local\Temp\surefire6292845767021711873\surefirebooter247287940063057617.jar"/>
    <property name="sun.boot.class.path" value="C:\Program Files\Java\jdk1.8.0_181\jre\lib\resources.jar;C:\Program Files\Java\jdk1.8.0_181\jre\lib\rt.jar;C:\Program Files\Java\jdk1.8.0_181\jre\lib\sunrsasign.jar;C:\Program Files\Java\jdk1.8.0_181\jre\lib\jsse.jar;C:\Program Files\Java\jdk1.8.0_181\jre\lib\jce.jar;C:\Program Files\Java\jdk1.8.0_181\jre\lib\charsets.jar;C:\Program Files\Java\jdk1.8.0_181\jre\lib\jfr.jar;C:\Program Files\Java\jdk1.8.0_181\jre\classes"/>
    <property name="user.script" value=""/>
    <property name="sun.management.compiler" value="HotSpot 64-Bit Tiered Compilers"/>
    <property name="java.runtime.version" value="1.8.0_181-b13"/>
    <property name="user.name" value="jin"/>
    <property name="path.separator" value=";"/>
    <property name="os.version" value="10.0"/>
    <property name="java.endorsed.dirs" value="C:\Program Files\Java\jdk1.8.0_181\jre\lib\endorsed"/>
    <property name="java.runtime.name" value="Java(TM) SE Runtime Environment"/>
    <property name="file.encoding" value="UTF-8"/>
    <property name="java.vm.name" value="Java HotSpot(TM) 64-Bit Server VM"/>
    <property name="localRepository" value="D:\maven_repository"/>
    <property name="java.vendor.url.bug" value="http://bugreport.sun.com/bugreport/"/>
    <property name="java.io.tmpdir" value="C:\Users\jin\AppData\Local\Temp\"/>
    <property name="com.zaxxer.hikari.pool_number" value="1"/>
    <property name="java.version" value="1.8.0_181"/>
    <property name="user.dir" value="D:\Workspaces\httptestclient_workspaces\Httptest_Client"/>
    <property name="os.arch" value="amd64"/>
    <property name="java.vm.specification.name" value="Java Virtual Machine Specification"/>
    <property name="java.awt.printerjob" value="sun.awt.windows.WPrinterJob"/>
    <property name="sun.os.patch.level" value=""/>
    <property name="java.library.path" value="C:\Program Files\Java\jdk1.8.0_181\jre\bin;C:\WINDOWS\Sun\Java\bin;C:\WINDOWS\system32;C:\WINDOWS;D:\VMware\VMware Workstation\bin\;C:\WINDOWS\system32;C:\WINDOWS;C:\WINDOWS\System32\Wbem;C:\WINDOWS\System32\WindowsPowerShell\v1.0\;C:\WINDOWS\System32\OpenSSH\;C:\Program Files\Java\jdk1.8.0_181\bin;.;C:\Program Files\Java\jdk1.8.0_181\lib;C:\Program Files\Java\jdk1.8.0_181\lib\tool.jar;C:\Program Files (x86)\MySQL\MySQL Server 5.5\bin;D:\apache-maven-3.5.2\bin;C:\Program Files\Java\jdk1.8.0_181\jre\bin;D:\NetSarang\Xshell 7\;D:\NetSarang\Xftp 7\;D:\Git\cmd;C:\Users\jin\AppData\Local\Microsoft\WindowsApps;;."/>
    <property name="java.vm.info" value="mixed mode"/>
    <property name="java.vendor" value="Oracle Corporation"/>
    <property name="java.vm.version" value="25.181-b13"/>
    <property name="java.ext.dirs" value="C:\Program Files\Java\jdk1.8.0_181\jre\lib\ext;C:\WINDOWS\Sun\Java\lib\ext"/>
    <property name="sun.io.unicode.encoding" value="UnicodeLittle"/>
    <property name="java.class.version" value="52.0"/>
  </properties>
  <testcase name="RegistTest[cn.httptest.pojo.Api_Case@576d5deb](1)" classname="cn.httptest.Case.RegisterCase" time="0.701">
    <system-out><![CDATA[[TestNGContentHandler] [WARN] It is strongly recommended to add "<!DOCTYPE suite SYSTEM "https://testng.org/testng-1.0.dtd" >" at the top of the suite file [D:\Workspaces\httptestclient_workspaces\Httptest_Client\TestNg.xml] otherwise TestNG may fail or not work as expected.
[demo] INFO  2021-07-05 17:42:14 - cn.httptest.util.HttpUtil.doService(135)[main] - 接口--调用参数{"account":"abcdefsss","password":"","phone":"12588888888"}
[demo] INFO  2021-07-05 17:42:14 - cn.httptest.util.HttpUtil.doService(141)[main] - 接口url�?http://192.168.122.1:8080/shop/test_regist
200
{"msg":"账号已被注册","StatusLine":200,"code":"20110","status":0}
]]></system-out>
    <system-err><![CDATA[SLF4J: Failed to load class "org.slf4j.impl.StaticLoggerBinder".
SLF4J: Defaulting to no-operation (NOP) logger implementation
SLF4J: See http://www.slf4j.org/codes.html#StaticLoggerBinder for further details.
]]></system-err>
  </testcase>
  <testcase name="RegistTest[cn.httptest.pojo.Api_Case@c94fd30](2)" classname="cn.httptest.Case.RegisterCase" time="0.006">
    <system-out><![CDATA[[demo] INFO  2021-07-05 17:42:15 - cn.httptest.util.HttpUtil.doService(135)[main] - 接口--调用参数{"account":"","passwrod":"123456","phone":"12588888888"}
[demo] INFO  2021-07-05 17:42:15 - cn.httptest.util.HttpUtil.doService(141)[main] - 接口url�?http://192.168.122.1:8080/shop/test_regist
200
{"msg":"账号不能为空","StatusLine":200,"code":"20103","status":0}
]]></system-out>
  </testcase>
  <testcase name="RegistTest[cn.httptest.pojo.Api_Case@524f3b3a](3)" classname="cn.httptest.Case.RegisterCase" time="0.011">
    <system-out><![CDATA[[demo] INFO  2021-07-05 17:42:15 - cn.httptest.util.HttpUtil.doService(135)[main] - 接口--调用参数{"account":"abcdefsss","password":"123456","phone":""}
[demo] INFO  2021-07-05 17:42:15 - cn.httptest.util.HttpUtil.doService(141)[main] - 接口url�?http://192.168.122.1:8080/shop/test_regist
200
{"msg":"账号已被注册","StatusLine":200,"code":"20110","status":0}
]]></system-out>
  </testcase>
  <testcase name="RegistTest[cn.httptest.pojo.Api_Case@45312be2](4)" classname="cn.httptest.Case.RegisterCase" time="0.013">
    <system-out><![CDATA[[demo] INFO  2021-07-05 17:42:15 - cn.httptest.util.HttpUtil.doService(135)[main] - 接口--调用参数{"account":"abcdefsss","password":"123456","phone":"1888"}
[demo] INFO  2021-07-05 17:42:15 - cn.httptest.util.HttpUtil.doService(141)[main] - 接口url�?http://192.168.122.1:8080/shop/test_regist
200
{"msg":"账号已被注册","StatusLine":200,"code":"20110","status":0}
]]></system-out>
  </testcase>
  <testcase name="RegistTest[cn.httptest.pojo.Api_Case@50d13246](5)" classname="cn.httptest.Case.RegisterCase" time="0.01">
    <system-out><![CDATA[[demo] INFO  2021-07-05 17:42:15 - cn.httptest.util.HttpUtil.doService(135)[main] - 接口--调用参数{"account":"abcdefsss","password":"123456","phone":"12588888888"}
[demo] INFO  2021-07-05 17:42:15 - cn.httptest.util.HttpUtil.doService(141)[main] - 接口url�?http://192.168.122.1:8080/shop/test_regist
200
{"msg":"账号已被注册","StatusLine":200,"code":"20110","status":0}
]]></system-out>
  </testcase>
  <testcase name="RegistTest[cn.httptest.pojo.Api_Case@42b02722](6)" classname="cn.httptest.Case.RegisterCase" time="0.012">
    <system-out><![CDATA[[demo] INFO  2021-07-05 17:42:15 - cn.httptest.util.HttpUtil.doService(135)[main] - 接口--调用参数{"account":"aaa","passwrod":"123456","phone":"12588888888"}
[demo] INFO  2021-07-05 17:42:15 - cn.httptest.util.HttpUtil.doService(141)[main] - 接口url�?http://192.168.122.1:8080/shop/test_regist
200
{"msg":"账号已被注册","StatusLine":200,"code":"20110","status":0}
]]></system-out>
  </testcase>
  <testcase name="LoginTest[cn.httptest.pojo.Api_Case@6bffbc6d](1)" classname="cn.httptest.Case.LoginCase" time="0.016">
    <system-out><![CDATA[[demo] INFO  2021-07-05 17:42:15 - cn.httptest.util.HttpUtil.doService(135)[main] - 接口--调用参数{"account":"abcdefsss","password":""}
[demo] INFO  2021-07-05 17:42:15 - cn.httptest.util.HttpUtil.doService(141)[main] - 接口url�?http://192.168.122.1:8080/shop/test_login
200
{"msg":"密码不能为空","StatusLine":200,"code":"20103","status":0}
]]></system-out>
  </testcase>
  <testcase name="LoginTest[cn.httptest.pojo.Api_Case@5bf8fa12](2)" classname="cn.httptest.Case.LoginCase" time="0.011">
    <system-out><![CDATA[[demo] INFO  2021-07-05 17:42:15 - cn.httptest.util.HttpUtil.doService(135)[main] - 接口--调用参数{"account":"","password":"123456"}
[demo] INFO  2021-07-05 17:42:15 - cn.httptest.util.HttpUtil.doService(141)[main] - 接口url�?http://192.168.122.1:8080/shop/test_login
200
{"msg":"账号不能为空","StatusLine":200,"code":"20103","status":0}
]]></system-out>
  </testcase>
  <testcase name="LoginTest[cn.httptest.pojo.Api_Case@2f16c6b3](3)" classname="cn.httptest.Case.LoginCase" time="0.01">
    <system-out><![CDATA[[demo] INFO  2021-07-05 17:42:15 - cn.httptest.util.HttpUtil.doService(135)[main] - 接口--调用参数{"account":"nb123","password":"123"}
[demo] INFO  2021-07-05 17:42:15 - cn.httptest.util.HttpUtil.doService(141)[main] - 接口url�?http://192.168.122.1:8080/shop/test_login
200
{"msg":"账号或密码错误","StatusLine":200,"code":"20111","status":0}
]]></system-out>
  </testcase>
  <testcase name="LoginTest[cn.httptest.pojo.Api_Case@6dab9b6d](4)" classname="cn.httptest.Case.LoginCase" time="0.012">
    <system-out><![CDATA[[demo] INFO  2021-07-05 17:42:15 - cn.httptest.util.HttpUtil.doService(135)[main] - 接口--调用参数{"account":"nb","password":"123456"}
[demo] INFO  2021-07-05 17:42:15 - cn.httptest.util.HttpUtil.doService(141)[main] - 接口url�?http://192.168.122.1:8080/shop/test_login
200
{"msg":"账号或密码错误","StatusLine":200,"code":"20111","status":0}
]]></system-out>
  </testcase>
  <testcase name="LoginTest[cn.httptest.pojo.Api_Case@6d025197](5)" classname="cn.httptest.Case.LoginCase" time="0.011">
    <system-out><![CDATA[[demo] INFO  2021-07-05 17:42:15 - cn.httptest.util.HttpUtil.doService(135)[main] - 接口--调用参数{"account":"nb","password":"123"}
[demo] INFO  2021-07-05 17:42:15 - cn.httptest.util.HttpUtil.doService(141)[main] - 接口url�?http://192.168.122.1:8080/shop/test_login
200
{"msg":"登录成功","StatusLine":200,"code":"10001","Token":"dsjakdjhkjfsa","status":1}
]]></system-out>
  </testcase>
  <testcase name="Crudtest[cn.httptest.pojo.Api_Case@676cf48](1)" classname="cn.httptest.Case.CrudCase" time="0.04">
    <system-out><![CDATA[[demo] INFO  2021-07-05 17:42:15 - cn.httptest.util.HttpUtil.doService(135)[main] - 接口--调用参数null
[demo] INFO  2021-07-05 17:42:15 - cn.httptest.util.HttpUtil.doService(141)[main] - 接口url�?http://192.168.122.1:8080/shop/test_getProduct
200
{"StatusLine":200,"Datas":[{"image":"products/e7fd2ce125cb4d668fac0d55cee6e619.jpg","uid":7,"shop_price":399.0,"pname":"雅诗兰黛DW持妆粉底液 油皮亲妈 持久不脱妆遮瑕控油","pdate":1572783480000,"pdesc":"很不错 新手 遮瑕力一般 不卡粉 一泵用全脸 干的很快 要用隔离防晒 肤色很自然 不死白 价格适中 比其他好用点我觉得值得购买 希望官方是正品\r\n","market_price":398.0,"pid":23,"click_num":121,"cid":4,"username":"李四"},{"image":"products/96b6b4528e3c457f94ba5e0e3350ef2d.jpg","uid":7,"shop_price":50.0,"pname":"大码女装夏新款微胖显瘦洋气套装胖mm最爱大码女装夏新","pdate":1572783480000,"pdesc":"面料: 聚酯 棉尺码: 大码L【100-120斤】 大码XL【120-140斤】 大码2XL【140-160斤】 大码3XL【160-180斤】 大码4XL【180-200斤】 M码【90-105斤】图案: 抽象图案风格: 通勤通勤: 韩版领型: 圆领大码女装分类: 连衣裙颜色分类: 白色套装袖型: 常规组合形式: 单件货号: 1188裙型: 其他年份季节: 2019年夏季 2019年春季袖长: 短袖裙长: 中长款穿着方式: 套头厚薄: 薄衣长: 常规服装版型: 宽松服饰工艺: 立体裁剪","market_price":89.5,"pid":17,"click_num":59,"cid":6,"username":"李四"},{"image":"products/1b313cef749a4281807c92a5d1c34e3e.jpg","uid":12,"shop_price":68.9,"pname":"欧莱雅小仙贝彩妆纷泽怦然心动化妆刷套装粉底欧莱雅小仙贝彩","pdate":1572783480000,"pdesc":"消费提醒： 国家药监局提示您：请正确认识化妆品功效，化妆品不能替代药品，不能治疗皮肤病等疾病。","market_price":138.0,"pid":29,"click_num":11,"cid":4,"username":"SB桃"},{"image":"products/1/42.jpg","uid":8,"shop_price":877.5,"pname":"官方正版】诺贝尔文学奖获奖作品典藏书系全集全套共48册 ","pdate":1572783480000,"pdesc":"《诺贝尔文学奖经典作品·豪华精装版大套 是对历届诺贝尔文学奖作品的精选集，力求向读者展示最经典的世界文学作品。本书系精选出获奖作品中最具文采、最脍炙人口、最具高尚品德与修养、最具哲理、最和谐的文字，有着极高的文学价值，并对图书进行了精良的制作、精美的包装。这套书既适合珍藏品读，也宜于馈赠佳友！\r\n\r\n ","market_price":1800.0,"pid":42,"click_num":8,"cid":3,"username":"张三"},{"image":"products/b00b242101104570a1cb51db75555fff.jpg","uid":8,"shop_price":125.0,"pname":"夏装新款大码女装白色V领收腰草莓两件套收腰草莓两件套","pdate":1572783480000,"pdesc":"品牌: 004材质: 棉尺码: L XL 2XL 3XL 4XL面料: 雪纺图案: 花色风格: 街头街头: 欧美领型: V领腰型: 高腰衣门襟: 其他颜色分类: 乳白色袖型: 常规组合形式: 两件套货号: 144成分含量: 30%及以下裙型: 公主裙年份季节: 2019年夏季袖长: 短袖裙长: 中长裙流行元素/工艺: 手工磨破款式: 背带","market_price":240.0,"pid":12,"click_num":6,"cid":6,"username":"张三"},{"image":"products/71d1abee60304a73b5ead65634317f8e.jpg","uid":8,"shop_price":2799.0,"pname":"OPPO Reno opporeno全面屏正品官方旗舰新品4800万R15 R17","pdate":1572783480000,"pdesc":"产品参数：\r\n\r\n证书编号：2019011606163603证书状态：有效产品名称：TD-LTE数字移动电话机3C规格型号：PCAM00 （电源适配器：VC54JBCH，VC54GBCH，VC54HBCH，VC54GCCH；...产品名称：OPPO RenoOPPO型号: Reno机身颜色: 雾海绿 极夜黑 薄雾粉 星云紫 珊瑚橙运行内存RAM: 6GB 8GB存储容量: 6+256GB 8+256GB 6+128GB网络模式: 双卡多模CPU型号: 骁龙710","market_price":3299.0,"pid":48,"click_num":6,"cid":2,"username":"张三"},{"image":"products/d5294649f6d8490abf83c1133f3b9b88.jpg","uid":10,"shop_price":3298.0,"pname":"vivo iQOOvoviiqoo iq00骑士黑 x30 vivoiq 爱酷艾酷游戏手机骁龙855 bbk","pdate":1575721080000,"pdesc":"品牌名称：vivo\r\n更多参数产品参数：\r\n\r\n证书编号：2018011606105195证书状态：有效产品名称：TD-LTE数字移动电话机3C规格型号：V1809A（充电器：V2323A-CN,V2323B-CN 输出： 5Vdc,2A或9Vdc,2A...产品名称：vivo iQOO 型号: iQOO机身颜色: 熔岩橙 电光蓝 武士黑 骑士黑运行内存RAM: 8GB 6G 12GB存储容量: 6+128GB 8+128GB 12+128GB 12+256GB网络模式: 双卡多模CPU型号: 高通骁龙855","market_price":4298.0,"pid":51,"click_num":5,"cid":2,"username":"赵六"},{"image":"products/2ac4270902764717858d29c2c8406b48.jpg","uid":12,"shop_price":3299.0,"pname":"vivo X27 4800万广角三摄升降式摄像头拍照官方旗舰店官网正品","pdate":1572783480000,"pdesc":"品牌名称：vivo\r\n更多参数产品参数：\r\n\r\n证书编号：2019011606157521证书状态：有效产品名称：TD-LTE数字移动电话机3C规格型号：V1829A（充电器：V2323A-CN V2323B-CN 输出： 5Vdc,2A或9Vdc,2A...产品名称：vivo X27 型号: X27机身颜色: 粉黛金 雀羽蓝 翡翠色 幻彩夏日运行内存RAM: 8GB存储容量: 8+128GB 8+256GB网络模式: 双卡双待CPU型号: SDM710/SDM675","market_price":3899.0,"pid":47,"click_num":5,"cid":2,"username":"SB桃"}],"status":1}
]]></system-out>
  </testcase>
</testsuite>