<?xml version="1.0" encoding="UTF-8"?>
<!-- Generated by org.testng.reporters.JUnitReportReporter -->
<testsuite skipped="0" hostname="劲鸡丁" name="cn.httptest.Case.RegisterCase" tests="6" failures="0" timestamp="2021-07-05T19:21:36 CST" time="0.896" errors="0">
  <testcase name="RegistTest" time="0.012" classname="cn.httptest.Case.RegisterCase"/>
  <system-out/>
  <testcase name="RegistTest" time="0.010" classname="cn.httptest.Case.RegisterCase"/>
  <system-out/>
  <testcase name="RegistTest" time="0.011" classname="cn.httptest.Case.RegisterCase"/>
  <system-out/>
  <testcase name="RegistTest" time="0.013" classname="cn.httptest.Case.RegisterCase"/>
  <system-out/>
  <testcase name="RegistTest" time="0.011" classname="cn.httptest.Case.RegisterCase"/>
  <system-out/>
  <testcase name="RegistTest" time="0.839" classname="cn.httptest.Case.RegisterCase"/>
  <system-out/>
</testsuite> <!-- cn.httptest.Case.RegisterCase -->
