<?xml version="1.0" encoding="UTF-8"?>
<!-- Generated by org.testng.reporters.JUnitReportReporter -->
<testsuite skipped="0" hostname="劲鸡丁" name="cn.httptest.Case.CrudCase" tests="1" failures="0" timestamp="2021-07-05T17:42:16 CST" time="0.019" errors="0">
  <testcase name="Crudtest" time="0.019" classname="cn.httptest.Case.CrudCase"/>
  <system-out/>
</testsuite> <!-- cn.httptest.Case.CrudCase -->
