<?xml version="1.0" encoding="UTF-8"?>
<!-- Generated by org.testng.reporters.JUnitReportReporter -->
<testsuite skipped="0" hostname="劲鸡丁" name="cn.httptest.Case.LoginCase" tests="5" failures="0" timestamp="2021-07-05T19:21:36 CST" time="0.050" errors="0">
  <testcase name="LoginTest" time="0.011" classname="cn.httptest.Case.LoginCase"/>
  <system-out/>
  <testcase name="LoginTest" time="0.010" classname="cn.httptest.Case.LoginCase"/>
  <system-out/>
  <testcase name="LoginTest" time="0.009" classname="cn.httptest.Case.LoginCase"/>
  <system-out/>
  <testcase name="LoginTest" time="0.010" classname="cn.httptest.Case.LoginCase"/>
  <system-out/>
  <testcase name="LoginTest" time="0.010" classname="cn.httptest.Case.LoginCase"/>
  <system-out/>
</testsuite> <!-- cn.httptest.Case.LoginCase -->
